{"/Users/altus/Projects/a/node-env/dist/release/index.js":{"path":"/Users/altus/Projects/a/node-env/dist/release/index.js","s":{"1":1,"2":1,"3":1,"4":1,"5":3,"6":3,"7":3,"8":2,"9":3,"10":3,"11":3,"12":6,"13":2,"14":1,"15":2,"16":2,"17":2,"18":2,"19":2,"20":2,"21":2,"22":1,"23":2,"24":3,"25":17,"26":9,"27":9,"28":17,"29":1},"b":{"1":[0,3],"2":[3,2],"3":[0,3],"4":[3,0],"5":[3,1],"6":[2,0],"7":[1,1],"8":[2,2],"9":[1,1],"10":[1,2],"11":[9,8],"12":[3,14]},"f":{"1":3,"2":2,"3":3,"4":6,"5":2,"6":2,"7":3,"8":17},"fnMap":{"1":{"name":"(anonymous_1)","line":6,"loc":{"start":{"line":6,"column":13},"end":{"line":6,"column":56}}},"2":{"name":"(anonymous_2)","line":11,"loc":{"start":{"line":11,"column":15},"end":{"line":11,"column":31}}},"3":{"name":"(anonymous_3)","line":14,"loc":{"start":{"line":14,"column":10},"end":{"line":14,"column":37}}},"4":{"name":"(anonymous_4)","line":19,"loc":{"start":{"line":19,"column":24},"end":{"line":19,"column":40}}},"5":{"name":"(anonymous_5)","line":22,"loc":{"start":{"line":22,"column":21},"end":{"line":22,"column":37}}},"6":{"name":"(anonymous_6)","line":29,"loc":{"start":{"line":29,"column":22},"end":{"line":29,"column":38}}},"7":{"name":"(anonymous_7)","line":44,"loc":{"start":{"line":44,"column":13},"end":{"line":44,"column":29}}},"8":{"name":"(anonymous_8)","line":47,"loc":{"start":{"line":47,"column":9},"end":{"line":47,"column":29}}}},"statementMap":{"1":{"start":{"line":2,"column":0},"end":{"line":2,"column":62}},"2":{"start":{"line":3,"column":0},"end":{"line":3,"column":23}},"3":{"start":{"line":4,"column":0},"end":{"line":4,"column":27}},"4":{"start":{"line":5,"column":0},"end":{"line":54,"column":2}},"5":{"start":{"line":7,"column":8},"end":{"line":7,"column":60}},"6":{"start":{"line":8,"column":8},"end":{"line":8,"column":66}},"7":{"start":{"line":9,"column":8},"end":{"line":9,"column":63}},"8":{"start":{"line":12,"column":8},"end":{"line":12,"column":46}},"9":{"start":{"line":15,"column":8},"end":{"line":15,"column":18}},"10":{"start":{"line":16,"column":8},"end":{"line":28,"column":9}},"11":{"start":{"line":17,"column":12},"end":{"line":24,"column":15}},"12":{"start":{"line":20,"column":16},"end":{"line":20,"column":45}},"13":{"start":{"line":23,"column":16},"end":{"line":23,"column":52}},"14":{"start":{"line":27,"column":12},"end":{"line":27,"column":25}},"15":{"start":{"line":29,"column":8},"end":{"line":41,"column":11}},"16":{"start":{"line":30,"column":12},"end":{"line":30,"column":49}},"17":{"start":{"line":31,"column":12},"end":{"line":40,"column":13}},"18":{"start":{"line":32,"column":16},"end":{"line":32,"column":66}},"19":{"start":{"line":33,"column":16},"end":{"line":33,"column":41}},"20":{"start":{"line":35,"column":16},"end":{"line":35,"column":76}},"21":{"start":{"line":37,"column":16},"end":{"line":39,"column":17}},"22":{"start":{"line":38,"column":20},"end":{"line":38,"column":77}},"23":{"start":{"line":42,"column":8},"end":{"line":42,"column":20}},"24":{"start":{"line":45,"column":8},"end":{"line":45,"column":76}},"25":{"start":{"line":48,"column":8},"end":{"line":51,"column":9}},"26":{"start":{"line":49,"column":12},"end":{"line":49,"column":35}},"27":{"start":{"line":50,"column":12},"end":{"line":50,"column":48}},"28":{"start":{"line":52,"column":8},"end":{"line":52,"column":86}},"29":{"start":{"line":55,"column":0},"end":{"line":55,"column":30}}},"branchMap":{"1":{"line":7,"type":"cond-expr","locations":[{"start":{"line":7,"column":44},"end":{"line":7,"column":54}},{"start":{"line":7,"column":57},"end":{"line":7,"column":59}}]},"2":{"line":8,"type":"binary-expr","locations":[{"start":{"line":8,"column":43},"end":{"line":8,"column":57}},{"start":{"line":8,"column":61},"end":{"line":8,"column":64}}]},"3":{"line":9,"type":"cond-expr","locations":[{"start":{"line":9,"column":57},"end":{"line":9,"column":58}},{"start":{"line":9,"column":61},"end":{"line":9,"column":62}}]},"4":{"line":17,"type":"binary-expr","locations":[{"start":{"line":17,"column":21},"end":{"line":17,"column":76}},{"start":{"line":17,"column":80},"end":{"line":17,"column":82}}]},"5":{"line":17,"type":"binary-expr","locations":[{"start":{"line":17,"column":51},"end":{"line":17,"column":55}},{"start":{"line":17,"column":59},"end":{"line":17,"column":65}}]},"6":{"line":31,"type":"if","locations":[{"start":{"line":31,"column":12},"end":{"line":31,"column":12}},{"start":{"line":31,"column":12},"end":{"line":31,"column":12}}]},"7":{"line":37,"type":"if","locations":[{"start":{"line":37,"column":16},"end":{"line":37,"column":16}},{"start":{"line":37,"column":16},"end":{"line":37,"column":16}}]},"8":{"line":37,"type":"binary-expr","locations":[{"start":{"line":37,"column":20},"end":{"line":37,"column":29}},{"start":{"line":37,"column":33},"end":{"line":37,"column":75}}]},"9":{"line":38,"type":"binary-expr","locations":[{"start":{"line":38,"column":44},"end":{"line":38,"column":63}},{"start":{"line":38,"column":67},"end":{"line":38,"column":75}}]},"10":{"line":45,"type":"cond-expr","locations":[{"start":{"line":45,"column":22},"end":{"line":45,"column":50}},{"start":{"line":45,"column":53},"end":{"line":45,"column":75}}]},"11":{"line":48,"type":"if","locations":[{"start":{"line":48,"column":8},"end":{"line":48,"column":8}},{"start":{"line":48,"column":8},"end":{"line":48,"column":8}}]},"12":{"line":52,"type":"cond-expr","locations":[{"start":{"line":52,"column":57},"end":{"line":52,"column":59}},{"start":{"line":52,"column":62},"end":{"line":52,"column":85}}]}}}}