{"/Users/altus/Projects/a/node-env/dist/release/index.js":{"path":"/Users/altus/Projects/a/node-env/dist/release/index.js","s":{"1":1,"2":1,"3":1,"4":1,"5":0,"6":0,"7":0,"8":0,"9":0,"10":0,"11":0,"12":0,"13":0,"14":0,"15":0,"16":0,"17":0,"18":0,"19":0,"20":0,"21":0,"22":0,"23":0,"24":9,"25":7,"26":7,"27":9,"28":1},"b":{"1":[0,0],"2":[0,0],"3":[0,0],"4":[0,0],"5":[0,0],"6":[0,0],"7":[0,0],"8":[0,0],"9":[0,0],"10":[7,2],"11":[1,8]},"f":{"1":0,"2":0,"3":0,"4":0,"5":0,"6":0,"7":0,"8":9},"fnMap":{"1":{"name":"(anonymous_1)","line":6,"loc":{"start":{"line":6,"column":13},"end":{"line":6,"column":56}}},"2":{"name":"(anonymous_2)","line":11,"loc":{"start":{"line":11,"column":15},"end":{"line":11,"column":31}}},"3":{"name":"(anonymous_3)","line":14,"loc":{"start":{"line":14,"column":10},"end":{"line":14,"column":37}}},"4":{"name":"(anonymous_4)","line":19,"loc":{"start":{"line":19,"column":24},"end":{"line":19,"column":40}}},"5":{"name":"(anonymous_5)","line":22,"loc":{"start":{"line":22,"column":21},"end":{"line":22,"column":37}}},"6":{"name":"(anonymous_6)","line":29,"loc":{"start":{"line":29,"column":22},"end":{"line":29,"column":38}}},"7":{"name":"(anonymous_7)","line":46,"loc":{"start":{"line":46,"column":13},"end":{"line":46,"column":29}}},"8":{"name":"(anonymous_8)","line":49,"loc":{"start":{"line":49,"column":9},"end":{"line":49,"column":29}}}},"statementMap":{"1":{"start":{"line":2,"column":0},"end":{"line":2,"column":17}},"2":{"start":{"line":3,"column":0},"end":{"line":3,"column":62}},"3":{"start":{"line":4,"column":0},"end":{"line":4,"column":23}},"4":{"start":{"line":5,"column":0},"end":{"line":56,"column":2}},"5":{"start":{"line":7,"column":8},"end":{"line":7,"column":60}},"6":{"start":{"line":8,"column":8},"end":{"line":8,"column":60}},"7":{"start":{"line":9,"column":8},"end":{"line":9,"column":63}},"8":{"start":{"line":12,"column":8},"end":{"line":12,"column":40}},"9":{"start":{"line":15,"column":8},"end":{"line":15,"column":18}},"10":{"start":{"line":16,"column":8},"end":{"line":28,"column":9}},"11":{"start":{"line":17,"column":12},"end":{"line":24,"column":15}},"12":{"start":{"line":20,"column":16},"end":{"line":20,"column":45}},"13":{"start":{"line":23,"column":16},"end":{"line":23,"column":52}},"14":{"start":{"line":27,"column":12},"end":{"line":27,"column":25}},"15":{"start":{"line":29,"column":8},"end":{"line":43,"column":11}},"16":{"start":{"line":30,"column":12},"end":{"line":42,"column":13}},"17":{"start":{"line":34,"column":16},"end":{"line":34,"column":66}},"18":{"start":{"line":35,"column":16},"end":{"line":35,"column":41}},"19":{"start":{"line":37,"column":16},"end":{"line":37,"column":76}},"20":{"start":{"line":39,"column":16},"end":{"line":41,"column":17}},"21":{"start":{"line":40,"column":20},"end":{"line":40,"column":71}},"22":{"start":{"line":44,"column":8},"end":{"line":44,"column":20}},"23":{"start":{"line":47,"column":8},"end":{"line":47,"column":43}},"24":{"start":{"line":50,"column":8},"end":{"line":53,"column":9}},"25":{"start":{"line":51,"column":12},"end":{"line":51,"column":35}},"26":{"start":{"line":52,"column":12},"end":{"line":52,"column":48}},"27":{"start":{"line":54,"column":8},"end":{"line":54,"column":86}},"28":{"start":{"line":57,"column":0},"end":{"line":57,"column":30}}},"branchMap":{"1":{"line":7,"type":"cond-expr","locations":[{"start":{"line":7,"column":44},"end":{"line":7,"column":54}},{"start":{"line":7,"column":57},"end":{"line":7,"column":59}}]},"2":{"line":8,"type":"binary-expr","locations":[{"start":{"line":8,"column":37},"end":{"line":8,"column":51}},{"start":{"line":8,"column":55},"end":{"line":8,"column":58}}]},"3":{"line":9,"type":"cond-expr","locations":[{"start":{"line":9,"column":57},"end":{"line":9,"column":58}},{"start":{"line":9,"column":61},"end":{"line":9,"column":62}}]},"4":{"line":17,"type":"binary-expr","locations":[{"start":{"line":17,"column":21},"end":{"line":17,"column":62}},{"start":{"line":17,"column":66},"end":{"line":17,"column":68}}]},"5":{"line":17,"type":"binary-expr","locations":[{"start":{"line":17,"column":38},"end":{"line":17,"column":42}},{"start":{"line":17,"column":46},"end":{"line":17,"column":52}}]},"6":{"line":30,"type":"if","locations":[{"start":{"line":30,"column":12},"end":{"line":30,"column":12}},{"start":{"line":30,"column":12},"end":{"line":30,"column":12}}]},"7":{"line":39,"type":"if","locations":[{"start":{"line":39,"column":16},"end":{"line":39,"column":16}},{"start":{"line":39,"column":16},"end":{"line":39,"column":16}}]},"8":{"line":39,"type":"binary-expr","locations":[{"start":{"line":39,"column":20},"end":{"line":39,"column":29}},{"start":{"line":39,"column":33},"end":{"line":39,"column":75}}]},"9":{"line":40,"type":"binary-expr","locations":[{"start":{"line":40,"column":38},"end":{"line":40,"column":57}},{"start":{"line":40,"column":61},"end":{"line":40,"column":69}}]},"10":{"line":50,"type":"if","locations":[{"start":{"line":50,"column":8},"end":{"line":50,"column":8}},{"start":{"line":50,"column":8},"end":{"line":50,"column":8}}]},"11":{"line":54,"type":"cond-expr","locations":[{"start":{"line":54,"column":57},"end":{"line":54,"column":59}},{"start":{"line":54,"column":62},"end":{"line":54,"column":85}}]}}}}