TN:
SF:/Users/altus/Projects/a/node-env/dist/release/index.js
FN:6,(anonymous_1)
FN:11,(anonymous_2)
FN:14,(anonymous_3)
FN:19,(anonymous_4)
FN:22,(anonymous_5)
FN:29,(anonymous_6)
FN:44,(anonymous_7)
FN:47,(anonymous_8)
FNF:8
FNH:8
FNDA:3,(anonymous_1)
FNDA:2,(anonymous_2)
FNDA:3,(anonymous_3)
FNDA:6,(anonymous_4)
FNDA:2,(anonymous_5)
FNDA:2,(anonymous_6)
FNDA:3,(anonymous_7)
FNDA:17,(anonymous_8)
DA:2,1
DA:3,1
DA:4,1
DA:5,1
DA:7,3
DA:8,3
DA:9,3
DA:12,2
DA:15,3
DA:16,3
DA:17,3
DA:20,6
DA:23,2
DA:27,1
DA:29,2
DA:30,2
DA:31,2
DA:32,2
DA:33,2
DA:35,2
DA:37,2
DA:38,1
DA:42,2
DA:45,3
DA:48,17
DA:49,9
DA:50,9
DA:52,17
DA:55,1
LF:29
LH:29
BRDA:7,1,0,0
BRDA:7,1,1,3
BRDA:8,2,0,3
BRDA:8,2,1,2
BRDA:9,3,0,0
BRDA:9,3,1,3
BRDA:17,4,0,3
BRDA:17,4,1,0
BRDA:17,5,0,3
BRDA:17,5,1,1
BRDA:31,6,0,2
BRDA:31,6,1,0
BRDA:37,7,0,1
BRDA:37,7,1,1
BRDA:37,8,0,2
BRDA:37,8,1,2
BRDA:38,9,0,1
BRDA:38,9,1,1
BRDA:45,10,0,1
BRDA:45,10,1,2
BRDA:48,11,0,9
BRDA:48,11,1,8
BRDA:52,12,0,3
BRDA:52,12,1,14
BRF:24
BRH:20
end_of_record
